c:\users\aaron\documents\github\cx\cx\debug\vc120.pdb
c:\users\aaron\documents\github\cx\cx\debug\vc120.idb
c:\users\aaron\documents\github\cx\cx\debug\buffer.obj
c:\users\aaron\documents\github\cx\cx\debug\cxvm.obj
c:\users\aaron\documents\github\cx\cx\debug\error.obj
c:\users\aaron\documents\github\cx\cx\debug\main.obj
c:\users\aaron\documents\github\cx\cx\debug\parser.obj
c:\users\aaron\documents\github\cx\cx\debug\scanner.obj
c:\users\aaron\documents\github\cx\cx\debug\symtab.obj
c:\users\aaron\documents\github\cx\cx\debug\tknnum.obj
c:\users\aaron\documents\github\cx\cx\debug\tknstrsp.obj
c:\users\aaron\documents\github\cx\cx\debug\tknword.obj
c:\users\aaron\documents\github\cx\cx\debug\types.obj
c:\users\aaron\documents\github\cx\debug\cx.ilk
c:\users\aaron\documents\github\cx\debug\cx.exe
c:\users\aaron\documents\github\cx\debug\cx.pdb
c:\users\aaron\documents\github\cx\cx\debug\cx.tlog\cl.command.1.tlog
c:\users\aaron\documents\github\cx\cx\debug\cx.tlog\cl.read.1.tlog
c:\users\aaron\documents\github\cx\cx\debug\cx.tlog\cl.write.1.tlog
c:\users\aaron\documents\github\cx\cx\debug\cx.tlog\link.command.1.tlog
c:\users\aaron\documents\github\cx\cx\debug\cx.tlog\link.read.1.tlog
c:\users\aaron\documents\github\cx\cx\debug\cx.tlog\link.write.1.tlog
