c:\users\aahebert\documents\github\cx\cx-win32\debug\vc120.pdb
c:\users\aahebert\documents\github\cx\cx-win32\debug\vc120.idb
c:\users\aahebert\documents\github\cx\cx-win32\debug\unary.obj
c:\users\aahebert\documents\github\cx\cx-win32\debug\while.obj
c:\users\aahebert\documents\github\cx\cx-win32\debug\error.obj
c:\users\aahebert\documents\github\cx\cx-win32\debug\icode.obj
c:\users\aahebert\documents\github\cx\cx-win32\debug\main.obj
c:\users\aahebert\documents\github\cx\cx-win32\debug\parser.obj
c:\users\aahebert\documents\github\cx\cx-win32\debug\parse_declarations.obj
c:\users\aahebert\documents\github\cx\cx-win32\debug\parse_directive.obj
c:\users\aahebert\documents\github\cx\cx-win32\debug\parse_expression.obj
c:\users\aahebert\documents\github\cx\cx-win32\debug\parse_routine1.obj
c:\users\aahebert\documents\github\cx\cx-win32\debug\parse_routine2.obj
c:\users\aahebert\documents\github\cx\cx-win32\debug\parse_statement.obj
c:\users\aahebert\documents\github\cx\cx-win32\debug\parse_type1.obj
c:\users\aahebert\documents\github\cx\cx-win32\debug\parse_type2.obj
c:\users\aahebert\documents\github\cx\cx-win32\debug\scanner.obj
c:\users\aahebert\documents\github\cx\cx-win32\debug\symtable.obj
c:\users\aahebert\documents\github\cx\cx-win32\debug\tknnum.obj
c:\users\aahebert\documents\github\cx\cx-win32\debug\tknstrsp.obj
c:\users\aahebert\documents\github\cx\cx-win32\debug\tknword.obj
c:\users\aahebert\documents\github\cx\cx-win32\debug\types.obj
c:\users\aahebert\documents\github\cx\cx-win32\debug\buffer.obj
c:\users\aahebert\documents\github\cx\cx-win32\debug\common.obj
c:\users\aahebert\documents\github\cx\cx-win32\debug\complist.obj
c:\users\aahebert\documents\github\cx\cx-win32\debug\additive.obj
c:\users\aahebert\documents\github\cx\cx-win32\debug\assign.obj
c:\users\aahebert\documents\github\cx\cx-win32\debug\do.obj
c:\users\aahebert\documents\github\cx\cx-win32\debug\exec.obj
c:\users\aahebert\documents\github\cx\cx-win32\debug\expression.obj
c:\users\aahebert\documents\github\cx\cx-win32\debug\factor.obj
c:\users\aahebert\documents\github\cx\cx-win32\debug\function.obj
c:\users\aahebert\documents\github\cx\cx-win32\debug\init_list.obj
c:\users\aahebert\documents\github\cx\cx-win32\debug\cxstdio.obj
c:\users\aahebert\documents\github\cx\cx-win32\debug\logical.obj
c:\users\aahebert\documents\github\cx\cx-win32\debug\malloc.obj
c:\users\aahebert\documents\github\cx\cx-win32\debug\multiplicative.obj
c:\users\aahebert\documents\github\cx\cx-win32\debug\relational.obj
c:\users\aahebert\documents\github\cx\cx-win32\debug\statment.obj
c:\users\aahebert\documents\github\cx\cx-win32\debug\std_members.obj
c:\users\aahebert\documents\github\cx\cx-win32\debug\tracer.obj
c:\users\aahebert\documents\github\cx\cx-win32\debug\cx-win32.ilk
c:\users\aahebert\documents\github\cx\cx-win32\debug\cx-win32.exe
c:\users\aahebert\documents\github\cx\cx-win32\debug\cx-win32.pdb
c:\users\aahebert\documents\github\cx\cx-win32\debug\cx-win32.tlog\cl.command.1.tlog
c:\users\aahebert\documents\github\cx\cx-win32\debug\cx-win32.tlog\cl.read.1.tlog
c:\users\aahebert\documents\github\cx\cx-win32\debug\cx-win32.tlog\cl.write.1.tlog
c:\users\aahebert\documents\github\cx\cx-win32\debug\cx-win32.tlog\link.command.1.tlog
c:\users\aahebert\documents\github\cx\cx-win32\debug\cx-win32.tlog\link.read.1.tlog
c:\users\aahebert\documents\github\cx\cx-win32\debug\cx-win32.tlog\link.write.1.tlog
