Build started 2/14/2014 3:05:10 PM.
     1>Project "C:\Users\aahebert\Documents\GitHub\Cx\stdlib\win32\stdio\stdio.vcxproj" on node 2 (Rebuild target(s)).
     1>ClCompile:
         C:\Program Files (x86)\Microsoft Visual Studio 12.0\VC\bin\x86_amd64\CL.exe /c /IC:\Users\aahebert\Documents\GitHub\Cx\include /I"C:\Users\aahebert\Documents\GitHub\Cx\include\cx-debug" /I"C:\Users\aaron_000\Documents\GitHub\Cx\include\cx-debug" /IC:\Users\aaron_000\Documents\GitHub\Cx\include /Zi /nologo /W3 /WX- /sdl /O2 /Oi /GL /D WIN32 /D NDEBUG /D _WINDOWS /D _USRDLL /D STDIO_EXPORTS /D _CRT_SECURE_NO_WARNINGS /D _WINDLL /D _UNICODE /D UNICODE /Gm- /EHsc /MD /GS /Gy /fp:precise /Zc:wchar_t /Zc:forScope /Yc"stdafx.h" /Fp"x64\Release\stdio.pch" /Fo"x64\Release\\" /Fd"x64\Release\vc120.pdb" /Gd /TP /errorReport:prompt stdafx.cpp
         stdafx.cpp
         C:\Program Files (x86)\Microsoft Visual Studio 12.0\VC\bin\x86_amd64\CL.exe /c /IC:\Users\aahebert\Documents\GitHub\Cx\include /I"C:\Users\aahebert\Documents\GitHub\Cx\include\cx-debug" /I"C:\Users\aaron_000\Documents\GitHub\Cx\include\cx-debug" /IC:\Users\aaron_000\Documents\GitHub\Cx\include /Zi /nologo /W3 /WX- /sdl /O2 /Oi /GL /D WIN32 /D NDEBUG /D _WINDOWS /D _USRDLL /D STDIO_EXPORTS /D _CRT_SECURE_NO_WARNINGS /D _WINDLL /D _UNICODE /D UNICODE /Gm- /EHsc /MD /GS /Gy /fp:precise /Zc:wchar_t /Zc:forScope /Fo"x64\Release\\" /Fd"x64\Release\vc120.pdb" /Gd /TP /errorReport:prompt dllmain.cpp
         dllmain.cpp
         C:\Program Files (x86)\Microsoft Visual Studio 12.0\VC\bin\x86_amd64\CL.exe /c /IC:\Users\aahebert\Documents\GitHub\Cx\include /I"C:\Users\aahebert\Documents\GitHub\Cx\include\cx-debug" /I"C:\Users\aaron_000\Documents\GitHub\Cx\include\cx-debug" /IC:\Users\aaron_000\Documents\GitHub\Cx\include /Zi /nologo /W3 /WX- /sdl /O2 /Oi /GL /D WIN32 /D NDEBUG /D _WINDOWS /D _USRDLL /D STDIO_EXPORTS /D _CRT_SECURE_NO_WARNINGS /D _WINDLL /D _UNICODE /D UNICODE /Gm- /EHsc /MD /GS /Gy /fp:precise /Zc:wchar_t /Zc:forScope /Yu"stdafx.h" /Fp"x64\Release\stdio.pch" /Fo"x64\Release\\" /Fd"x64\Release\vc120.pdb" /Gd /TP /errorReport:prompt stdio.cpp
         stdio.cpp
     1>c:\users\aahebert\documents\github\cx\include\icode.h(71): warning C4244: 'return' : conversion from '__int64' to 'int', possible loss of data
     1>stdio.cpp(23): warning C4267: '=' : conversion from 'size_t' to 'int', possible loss of data
     1>stdio.cpp(25): warning C4267: '=' : conversion from 'size_t' to 'int', possible loss of data
     1>stdio.cpp(26): warning C4267: '=' : conversion from 'size_t' to 'int', possible loss of data
       Link:
         C:\Program Files (x86)\Microsoft Visual Studio 12.0\VC\bin\x86_amd64\link.exe /ERRORREPORT:PROMPT /OUT:"C:\Users\aahebert\Documents\GitHub\Cx\cx-win32\x64\Release\stdio.dll" /INCREMENTAL:NO /NOLOGO kernel32.lib user32.lib gdi32.lib winspool.lib comdlg32.lib advapi32.lib shell32.lib ole32.lib oleaut32.lib uuid.lib odbc32.lib odbccp32.lib /DEF:"stdio.def" /MANIFEST /MANIFESTUAC:"level='asInvoker' uiAccess='false'" /manifest:embed /DEBUG /PDB:"C:\Users\aahebert\Documents\GitHub\Cx\cx-win32\x64\Release\stdio.pdb" /SUBSYSTEM:WINDOWS /OPT:REF /OPT:ICF /LTCG /TLBID:1 /DYNAMICBASE /NXCOMPAT /IMPLIB:"C:\Users\aahebert\Documents\GitHub\Cx\cx-win32\x64\Release\stdio.lib" /MACHINE:X64 /DLL x64\Release\dllmain.obj
         x64\Release\stdafx.obj
         x64\Release\stdio.obj
            Creating library C:\Users\aahebert\Documents\GitHub\Cx\cx-win32\x64\Release\stdio.lib and object C:\Users\aahebert\Documents\GitHub\Cx\cx-win32\x64\Release\stdio.exp
         Generating code
         Finished generating code
         stdio.vcxproj -> C:\Users\aahebert\Documents\GitHub\Cx\cx-win32\x64\Release\stdio.dll
     1>Done Building Project "C:\Users\aahebert\Documents\GitHub\Cx\stdlib\win32\stdio\stdio.vcxproj" (Rebuild target(s)).

Build succeeded.

Time Elapsed 00:00:02.67
