Build started 3/14/2014 1:57:49 PM.
     1>Project "C:\Users\aahebert\Documents\GitHub\Cx\stdlib\win32\stdio\stdio.vcxproj" on node 2 (Rebuild target(s)).
     1>ClCompile:
         C:\Program Files (x86)\Microsoft Visual Studio 12.0\VC\bin\CL.exe /c /IC:\Users\aahebert\Documents\GitHub\Cx\include /I"C:\Users\aahebert\Documents\GitHub\Cx\include\cx-debug" /I"C:\Users\aaron_000\Documents\GitHub\Cx\include\cx-debug" /IC:\Users\aaron_000\Documents\GitHub\Cx\include /Zi /nologo /W3 /WX- /sdl /O2 /Oi /Oy- /GL /D WIN32 /D NDEBUG /D _WINDOWS /D _USRDLL /D STDIO_EXPORTS /D _CRT_SECURE_NO_WARNINGS /D _WINDLL /D _UNICODE /D UNICODE /Gm- /EHsc /MD /GS /Gy /fp:precise /Zc:wchar_t /Zc:forScope /Yc"stdafx.h" /Fp"Release\stdio.pch" /Fo"Release\\" /Fd"Release\vc120.pdb" /Gd /TP /analyze- /errorReport:prompt stdafx.cpp
         stdafx.cpp
         C:\Program Files (x86)\Microsoft Visual Studio 12.0\VC\bin\CL.exe /c /IC:\Users\aahebert\Documents\GitHub\Cx\include /I"C:\Users\aahebert\Documents\GitHub\Cx\include\cx-debug" /I"C:\Users\aaron_000\Documents\GitHub\Cx\include\cx-debug" /IC:\Users\aaron_000\Documents\GitHub\Cx\include /Zi /nologo /W3 /WX- /sdl /O2 /Oi /Oy- /GL /D WIN32 /D NDEBUG /D _WINDOWS /D _USRDLL /D STDIO_EXPORTS /D _CRT_SECURE_NO_WARNINGS /D _WINDLL /D _UNICODE /D UNICODE /Gm- /EHsc /MD /GS /Gy /fp:precise /Zc:wchar_t /Zc:forScope /Fo"Release\\" /Fd"Release\vc120.pdb" /Gd /TP /analyze- /errorReport:prompt ..\..\..\src\buffer.cpp ..\..\..\src\common.cpp "..\..\..\src\cx-debug\std_members.cpp" ..\..\..\src\error.cpp ..\..\..\src\symtable.cpp ..\..\..\src\types.cpp stdio.cpp
         buffer.cpp
         common.cpp
         std_members.cpp
         error.cpp
         symtable.cpp
         types.cpp
         stdio.cpp
         C:\Program Files (x86)\Microsoft Visual Studio 12.0\VC\bin\CL.exe /c /IC:\Users\aahebert\Documents\GitHub\Cx\include /I"C:\Users\aahebert\Documents\GitHub\Cx\include\cx-debug" /I"C:\Users\aaron_000\Documents\GitHub\Cx\include\cx-debug" /IC:\Users\aaron_000\Documents\GitHub\Cx\include /Zi /nologo /W3 /WX- /sdl /O2 /Oi /Oy- /GL /D WIN32 /D NDEBUG /D _WINDOWS /D _USRDLL /D STDIO_EXPORTS /D _CRT_SECURE_NO_WARNINGS /D _WINDLL /D _UNICODE /D UNICODE /Gm- /EHsc /MD /GS /Gy /fp:precise /Zc:wchar_t /Zc:forScope /Fo"Release\\" /Fd"Release\vc120.pdb" /Gd /TP /analyze- /errorReport:prompt dllmain.cpp
         dllmain.cpp
       Link:
         C:\Program Files (x86)\Microsoft Visual Studio 12.0\VC\bin\link.exe /ERRORREPORT:PROMPT /OUT:"C:\Users\aahebert\Documents\GitHub\Cx\cx-win32\Release\stdio.dll" /INCREMENTAL:NO /NOLOGO kernel32.lib user32.lib gdi32.lib winspool.lib comdlg32.lib advapi32.lib shell32.lib ole32.lib oleaut32.lib uuid.lib odbc32.lib odbccp32.lib /DEF:"stdio.def" /MANIFEST /MANIFESTUAC:"level='asInvoker' uiAccess='false'" /manifest:embed /DEBUG /PDB:"C:\Users\aahebert\Documents\GitHub\Cx\cx-win32\Release\stdio.pdb" /SUBSYSTEM:WINDOWS /OPT:REF /OPT:ICF /LTCG /TLBID:1 /DYNAMICBASE /NXCOMPAT /IMPLIB:"C:\Users\aahebert\Documents\GitHub\Cx\cx-win32\Release\stdio.lib" /MACHINE:X86 /SAFESEH /DLL Release\buffer.obj
         Release\common.obj
         Release\std_members.obj
         Release\error.obj
         Release\symtable.obj
         Release\types.obj
         Release\dllmain.obj
         Release\stdafx.obj
         Release\stdio.obj
            Creating library C:\Users\aahebert\Documents\GitHub\Cx\cx-win32\Release\stdio.lib and object C:\Users\aahebert\Documents\GitHub\Cx\cx-win32\Release\stdio.exp
         Generating code
         Finished generating code
         stdio.vcxproj -> C:\Users\aahebert\Documents\GitHub\Cx\cx-win32\Release\stdio.dll
     1>Done Building Project "C:\Users\aahebert\Documents\GitHub\Cx\stdlib\win32\stdio\stdio.vcxproj" (Rebuild target(s)).

Build succeeded.

Time Elapsed 00:00:16.38
